
Error: kallisto index file not found Homo_sapiens.GRCh38.cdna.all.index
Error: file not found SRR8668755.fastq.gz
Error: paired-end mode requires an even number of input files
       (use --single for processing single-end reads)

Usage: kallisto quant [arguments] FASTQ-files

Required arguments:
-i, --index=STRING            Filename for the kallisto index to be used for
                              quantification
-o, --output-dir=STRING       Directory to write output to

Optional arguments:
    --bias                    Perform sequence based bias correction
-b, --bootstrap-samples=INT   Number of bootstrap samples (default: 0)
    --seed=INT                Seed for the bootstrap sampling (default: 42)
    --plaintext               Output plaintext instead of HDF5
    --fusion                  Search for fusions for Pizzly
    --single                  Quantify single-end reads
    --single-overhang         Include reads where unobserved rest of fragment is
                              predicted to lie outside a transcript
    --fr-stranded             Strand specific reads, first read forward
    --rf-stranded             Strand specific reads, first read reverse
-l, --fragment-length=DOUBLE  Estimated average fragment length
-s, --sd=DOUBLE               Estimated standard deviation of fragment length
                              (default: -l, -s values are estimated from paired
                               end data, but are required when using --single)
-t, --threads=INT             Number of threads to use (default: 1)
    --pseudobam               Save pseudoalignments to transcriptome to BAM file
    --genomebam               Project pseudoalignments to genome sorted BAM file
-g, --gtf                     GTF file for transcriptome information
                              (required for --genomebam)
-c, --chromosomes             Tab separated file with chromosome names and lengths
                              (optional for --genomebam, but recommended)
    --verbose                 Print out progress information every 1M proccessed reads
